{"/Users/waliddaudzai/Desktop/Books Project Microerse/Vanessa's Project/src/modules/AddDynamicClass.js": {"path":"/Users/waliddaudzai/Desktop/Books Project Microerse/Vanessa's Project/src/modules/AddDynamicClass.js","statementMap":{"0":{"start":{"line":6,"column":24},"end":{"line":57,"column":3}},"1":{"start":{"line":8,"column":18},"end":{"line":8,"column":49}},"2":{"start":{"line":9,"column":4},"end":{"line":9,"column":26}},"3":{"start":{"line":10,"column":4},"end":{"line":10,"column":37}},"4":{"start":{"line":11,"column":4},"end":{"line":13,"column":5}},"5":{"start":{"line":12,"column":6},"end":{"line":12,"column":43}},"6":{"start":{"line":15,"column":21},"end":{"line":15,"column":52}},"7":{"start":{"line":16,"column":4},"end":{"line":16,"column":46}},"8":{"start":{"line":17,"column":4},"end":{"line":17,"column":44}},"9":{"start":{"line":18,"column":4},"end":{"line":18,"column":38}},"10":{"start":{"line":20,"column":27},"end":{"line":20,"column":58}},"11":{"start":{"line":21,"column":4},"end":{"line":21,"column":61}},"12":{"start":{"line":22,"column":4},"end":{"line":22,"column":44}},"13":{"start":{"line":24,"column":22},"end":{"line":24,"column":54}},"14":{"start":{"line":25,"column":4},"end":{"line":25,"column":49}},"15":{"start":{"line":26,"column":17},"end":{"line":26,"column":44}},"16":{"start":{"line":27,"column":4},"end":{"line":27,"column":52}},"17":{"start":{"line":28,"column":4},"end":{"line":28,"column":32}},"18":{"start":{"line":31,"column":4},"end":{"line":31,"column":32}},"19":{"start":{"line":32,"column":4},"end":{"line":32,"column":38}},"20":{"start":{"line":33,"column":4},"end":{"line":33,"column":33}},"21":{"start":{"line":34,"column":4},"end":{"line":34,"column":59}},"22":{"start":{"line":37,"column":4},"end":{"line":40,"column":7}},"23":{"start":{"line":38,"column":6},"end":{"line":38,"column":43}},"24":{"start":{"line":39,"column":6},"end":{"line":39,"column":33}},"25":{"start":{"line":42,"column":4},"end":{"line":45,"column":7}},"26":{"start":{"line":43,"column":6},"end":{"line":43,"column":76}},"27":{"start":{"line":44,"column":6},"end":{"line":44,"column":33}},"28":{"start":{"line":47,"column":4},"end":{"line":56,"column":7}},"29":{"start":{"line":48,"column":6},"end":{"line":54,"column":7}},"30":{"start":{"line":49,"column":8},"end":{"line":49,"column":60}},"31":{"start":{"line":50,"column":8},"end":{"line":50,"column":45}},"32":{"start":{"line":52,"column":8},"end":{"line":52,"column":61}},"33":{"start":{"line":53,"column":8},"end":{"line":53,"column":48}},"34":{"start":{"line":55,"column":6},"end":{"line":55,"column":33}}},"fnMap":{"0":{"name":"(anonymous_0)","decl":{"start":{"line":6,"column":24},"end":{"line":6,"column":25}},"loc":{"start":{"line":6,"column":34},"end":{"line":57,"column":3}},"line":6},"1":{"name":"(anonymous_1)","decl":{"start":{"line":37,"column":40},"end":{"line":37,"column":41}},"loc":{"start":{"line":37,"column":46},"end":{"line":40,"column":5}},"line":37},"2":{"name":"(anonymous_2)","decl":{"start":{"line":42,"column":46},"end":{"line":42,"column":47}},"loc":{"start":{"line":42,"column":52},"end":{"line":45,"column":5}},"line":42},"3":{"name":"(anonymous_3)","decl":{"start":{"line":47,"column":39},"end":{"line":47,"column":40}},"loc":{"start":{"line":47,"column":45},"end":{"line":56,"column":5}},"line":47}},"branchMap":{"0":{"loc":{"start":{"line":11,"column":4},"end":{"line":13,"column":5}},"type":"if","locations":[{"start":{"line":11,"column":4},"end":{"line":13,"column":5}},{"start":{},"end":{}}],"line":11},"1":{"loc":{"start":{"line":48,"column":6},"end":{"line":54,"column":7}},"type":"if","locations":[{"start":{"line":48,"column":6},"end":{"line":54,"column":7}},{"start":{"line":51,"column":13},"end":{"line":54,"column":7}}],"line":48}},"s":{"0":2,"1":1,"2":1,"3":1,"4":1,"5":0,"6":1,"7":1,"8":1,"9":1,"10":1,"11":1,"12":1,"13":1,"14":1,"15":1,"16":1,"17":1,"18":1,"19":1,"20":1,"21":1,"22":1,"23":0,"24":0,"25":1,"26":0,"27":0,"28":1,"29":0,"30":0,"31":0,"32":0,"33":0,"34":0},"f":{"0":1,"1":0,"2":0,"3":0},"b":{"0":[0,1],"1":[0,0]},"_coverageSchema":"1a1c01bbd47fc00a2c39e90264f33305004495a9","hash":"fc9d8d816652c36a6e811b29ad411f7d826bbbe2"}
,"/Users/waliddaudzai/Desktop/Books Project Microerse/Vanessa's Project/src/modules/cleanElement.js": {"path":"/Users/waliddaudzai/Desktop/Books Project Microerse/Vanessa's Project/src/modules/cleanElement.js","statementMap":{"0":{"start":{"line":1,"column":21},"end":{"line":6,"column":1}},"1":{"start":{"line":2,"column":18},"end":{"line":2,"column":51}},"2":{"start":{"line":3,"column":2},"end":{"line":5,"column":3}},"3":{"start":{"line":4,"column":4},"end":{"line":4,"column":43}}},"fnMap":{"0":{"name":"(anonymous_0)","decl":{"start":{"line":1,"column":21},"end":{"line":1,"column":22}},"loc":{"start":{"line":1,"column":36},"end":{"line":6,"column":1}},"line":1}},"branchMap":{},"s":{"0":2,"1":1,"2":1,"3":1},"f":{"0":1},"b":{},"_coverageSchema":"1a1c01bbd47fc00a2c39e90264f33305004495a9","hash":"e3016ab30a4fdcbe58af6d5689f5162ee96b6815"}
,"/Users/waliddaudzai/Desktop/Books Project Microerse/Vanessa's Project/src/modules/dataClass.js": {"path":"/Users/waliddaudzai/Desktop/Books Project Microerse/Vanessa's Project/src/modules/dataClass.js","statementMap":{"0":{"start":{"line":6,"column":16},"end":{"line":6,"column":18}},"1":{"start":{"line":8,"column":4},"end":{"line":12,"column":5}},"2":{"start":{"line":9,"column":6},"end":{"line":9,"column":56}},"3":{"start":{"line":11,"column":6},"end":{"line":11,"column":59}},"4":{"start":{"line":14,"column":4},"end":{"line":14,"column":17}},"5":{"start":{"line":18,"column":18},"end":{"line":18,"column":38}},"6":{"start":{"line":21,"column":20},"end":{"line":21,"column":67}},"7":{"start":{"line":23,"column":4},"end":{"line":23,"column":24}},"8":{"start":{"line":24,"column":4},"end":{"line":24,"column":57}},"9":{"start":{"line":28,"column":16},"end":{"line":28,"column":36}},"10":{"start":{"line":29,"column":4},"end":{"line":29,"column":69}},"11":{"start":{"line":29,"column":35},"end":{"line":29,"column":67}},"12":{"start":{"line":31,"column":4},"end":{"line":33,"column":5}},"13":{"start":{"line":31,"column":17},"end":{"line":31,"column":18}},"14":{"start":{"line":32,"column":6},"end":{"line":32,"column":25}},"15":{"start":{"line":35,"column":4},"end":{"line":35,"column":57}},"16":{"start":{"line":39,"column":18},"end":{"line":39,"column":38}},"17":{"start":{"line":40,"column":4},"end":{"line":40,"column":23}},"18":{"start":{"line":41,"column":4},"end":{"line":41,"column":43}},"19":{"start":{"line":43,"column":4},"end":{"line":43,"column":57}},"20":{"start":{"line":47,"column":18},"end":{"line":47,"column":38}},"21":{"start":{"line":48,"column":4},"end":{"line":48,"column":39}},"22":{"start":{"line":50,"column":4},"end":{"line":50,"column":57}}},"fnMap":{"0":{"name":"(anonymous_0)","decl":{"start":{"line":5,"column":2},"end":{"line":5,"column":3}},"loc":{"start":{"line":5,"column":20},"end":{"line":15,"column":3}},"line":5},"1":{"name":"(anonymous_1)","decl":{"start":{"line":17,"column":2},"end":{"line":17,"column":3}},"loc":{"start":{"line":17,"column":34},"end":{"line":25,"column":3}},"line":17},"2":{"name":"(anonymous_2)","decl":{"start":{"line":27,"column":2},"end":{"line":27,"column":3}},"loc":{"start":{"line":27,"column":27},"end":{"line":36,"column":3}},"line":27},"3":{"name":"(anonymous_3)","decl":{"start":{"line":29,"column":25},"end":{"line":29,"column":26}},"loc":{"start":{"line":29,"column":35},"end":{"line":29,"column":67}},"line":29},"4":{"name":"(anonymous_4)","decl":{"start":{"line":38,"column":2},"end":{"line":38,"column":3}},"loc":{"start":{"line":38,"column":55},"end":{"line":44,"column":3}},"line":38},"5":{"name":"(anonymous_5)","decl":{"start":{"line":46,"column":2},"end":{"line":46,"column":3}},"loc":{"start":{"line":46,"column":51},"end":{"line":51,"column":3}},"line":46}},"branchMap":{"0":{"loc":{"start":{"line":8,"column":4},"end":{"line":12,"column":5}},"type":"if","locations":[{"start":{"line":8,"column":4},"end":{"line":12,"column":5}},{"start":{"line":10,"column":11},"end":{"line":12,"column":5}}],"line":8}},"s":{"0":3,"1":3,"2":1,"3":2,"4":3,"5":0,"6":0,"7":0,"8":0,"9":1,"10":1,"11":0,"12":1,"13":1,"14":0,"15":1,"16":1,"17":1,"18":1,"19":0,"20":0,"21":0,"22":0},"f":{"0":3,"1":0,"2":1,"3":0,"4":1,"5":0},"b":{"0":[1,2]},"_coverageSchema":"1a1c01bbd47fc00a2c39e90264f33305004495a9","hash":"2efab3a50e79461fb514a5928adac15a33c44933"}
,"/Users/waliddaudzai/Desktop/Books Project Microerse/Vanessa's Project/src/modules/show.js": {"path":"/Users/waliddaudzai/Desktop/Books Project Microerse/Vanessa's Project/src/modules/show.js","statementMap":{"0":{"start":{"line":7,"column":13},"end":{"line":15,"column":1}},"1":{"start":{"line":9,"column":2},"end":{"line":9,"column":28}},"2":{"start":{"line":11,"column":16},"end":{"line":11,"column":36}},"3":{"start":{"line":12,"column":2},"end":{"line":14,"column":5}},"4":{"start":{"line":13,"column":4},"end":{"line":13,"column":34}}},"fnMap":{"0":{"name":"(anonymous_0)","decl":{"start":{"line":7,"column":13},"end":{"line":7,"column":14}},"loc":{"start":{"line":7,"column":19},"end":{"line":15,"column":1}},"line":7},"1":{"name":"(anonymous_1)","decl":{"start":{"line":12,"column":16},"end":{"line":12,"column":17}},"loc":{"start":{"line":12,"column":26},"end":{"line":14,"column":3}},"line":12}},"branchMap":{},"s":{"0":2,"1":1,"2":1,"3":1,"4":0},"f":{"0":1,"1":0},"b":{},"_coverageSchema":"1a1c01bbd47fc00a2c39e90264f33305004495a9","hash":"77fa2870c7944cd623d658b14d86cbc8dccab2c3"}
,"/Users/waliddaudzai/Desktop/Books Project Microerse/Vanessa's Project/src/modules/taskClass.js": {"path":"/Users/waliddaudzai/Desktop/Books Project Microerse/Vanessa's Project/src/modules/taskClass.js","statementMap":{"0":{"start":{"line":3,"column":4},"end":{"line":3,"column":35}},"1":{"start":{"line":4,"column":4},"end":{"line":4,"column":31}},"2":{"start":{"line":5,"column":4},"end":{"line":5,"column":23}}},"fnMap":{"0":{"name":"(anonymous_0)","decl":{"start":{"line":2,"column":2},"end":{"line":2,"column":3}},"loc":{"start":{"line":2,"column":45},"end":{"line":6,"column":3}},"line":2}},"branchMap":{},"s":{"0":1,"1":1,"2":1},"f":{"0":1},"b":{},"_coverageSchema":"1a1c01bbd47fc00a2c39e90264f33305004495a9","hash":"01fd761ddb3150d291b60567d18ec635042d27af"}
}
