TN:
SF:src/modules/AddDynamicClass.js
FN:6,(anonymous_0)
FN:37,(anonymous_1)
FN:42,(anonymous_2)
FN:47,(anonymous_3)
FNF:4
FNH:1
FNDA:5,(anonymous_0)
FNDA:0,(anonymous_1)
FNDA:0,(anonymous_2)
FNDA:0,(anonymous_3)
DA:6,2
DA:8,5
DA:9,5
DA:10,5
DA:11,5
DA:12,3
DA:15,5
DA:16,5
DA:17,5
DA:18,5
DA:20,5
DA:21,5
DA:22,5
DA:24,5
DA:25,5
DA:26,5
DA:27,5
DA:28,5
DA:31,5
DA:32,5
DA:33,5
DA:34,5
DA:37,5
DA:38,0
DA:39,0
DA:42,5
DA:43,0
DA:44,0
DA:47,5
DA:48,0
DA:49,0
DA:50,0
DA:52,0
DA:53,0
DA:55,0
LF:35
LH:25
BRDA:11,0,0,3
BRDA:11,0,1,2
BRDA:48,1,0,0
BRDA:48,1,1,0
BRF:4
BRH:2
end_of_record
TN:
SF:src/modules/cleanElement.js
FN:1,(anonymous_0)
FNF:1
FNH:1
FNDA:3,(anonymous_0)
DA:1,2
DA:2,3
DA:3,3
DA:4,3
LF:4
LH:4
BRF:0
BRH:0
end_of_record
TN:
SF:src/modules/dataClass.js
FN:5,(anonymous_0)
FN:16,(anonymous_1)
FN:20,(anonymous_2)
FN:30,(anonymous_3)
FN:32,(anonymous_4)
FN:41,(anonymous_5)
FN:49,(anonymous_6)
FNF:7
FNH:5
FNDA:6,(anonymous_0)
FNDA:2,(anonymous_1)
FNDA:0,(anonymous_2)
FNDA:1,(anonymous_3)
FNDA:0,(anonymous_4)
FNDA:1,(anonymous_5)
FNDA:1,(anonymous_6)
DA:6,6
DA:8,6
DA:9,5
DA:11,1
DA:14,6
DA:17,2
DA:21,0
DA:24,0
DA:26,0
DA:27,0
DA:31,1
DA:32,1
DA:34,1
DA:35,0
DA:38,1
DA:42,1
DA:43,1
DA:44,1
DA:46,1
DA:50,1
DA:51,1
DA:53,1
LF:22
LH:17
BRDA:8,0,0,5
BRDA:8,0,1,1
BRF:2
BRH:2
end_of_record
TN:
SF:src/modules/show.js
FN:7,(anonymous_0)
FN:12,(anonymous_1)
FNF:2
FNH:2
FNDA:3,(anonymous_0)
FNDA:4,(anonymous_1)
DA:7,2
DA:9,3
DA:11,3
DA:12,3
DA:13,4
LF:5
LH:5
BRF:0
BRH:0
end_of_record
TN:
SF:src/modules/taskClass.js
FN:2,(anonymous_0)
FNF:1
FNH:1
FNDA:1,(anonymous_0)
DA:3,1
DA:4,1
DA:5,1
LF:3
LH:3
BRF:0
BRH:0
end_of_record
